C51 COMPILER V9.01   1                                                                     05/24/2015 19:40:16 PAGE 1   


C51 COMPILER V9.01, COMPILATION OF MODULE 1
OBJECT MODULE PLACED IN .\1.obj
COMPILER INVOKED BY: D:\Keil\C51\BIN\C51.EXE E:\stu\1.c BROWSE DEBUG OBJECTEXTEND PRINT(.\1.lst) OBJECT(.\1.obj)

line level    source

   1          #include<reg51.h>
   2          #include<math.h>
   3          sbit beep=P2^3;
   4          sbit dula=P2^0;         //段选信号的锁存器控制
   5          sbit wela=P2^1;         //位选信号的锁存器控制
   6          sbit cs88=P2^2;         //点阵管的锁存器控制        cs88=0;//关点阵管
   7          sbit led_en=P2^5;
   8          sbit DS1302=P2^7;  //定义DS1302时钟使能端，用于HJ-C52实验板复位，与本实验无关
   9          sbit SD=P2^6;      //定义SD卡使能端，用于HJ-C52实验板复位，与本实验无关
  10          unsigned char i=100;
  11          unsigned char j,k,temp,key;
  12          double shu,shu_a,shu_end,_shu_end,shu_point;
  13          char count,count1;
  14          int A1,A2;
  15          
  16          void delay(unsigned char i)
  17          {
  18   1        for(j=i;j>0;j--)
  19   1          for(k=125;k>0;k--);
  20   1      }
  21          unsigned char code table[]={0x3f,0x06,0x5b,0x4f,0x66,0x6d,0x7d,
  22                                  0x07,0x7f,0x6f};
  23          unsigned char code table1[]={0xbf,0x86,0xdb,0xcf,0xe6,0xed,0xfd,0x87,0xff,0xef};
  24          unsigned char code _table[]={0xfe,0xfd,0xfb,0xf7,0xef,0xdf,0xbf,0x7f};
  25          
  26          
  27          void display(char p[10],unsigned char _c)
  28          {
  29   1         unsigned char num1;
  30   1         char c=-1;
  31   1         P3=0xf0;
  32   1         while(P3==0xf0)
  33   1         {    
  34   2         for(c=0;c<count;c++)
  35   2         {   num1=p[c];
  36   3                 P0=table[num1];
  37   3             dula=1;
  38   3             dula=0;
  39   3             P0=_table[c];
  40   3             wela=1;
  41   3             wela=0;
  42   3                 P0=0xff;
  43   3             wela=1;
  44   3             wela=0; 
  45   3         }
  46   2        /*  
  47   2         if(count1!=0)
  48   2         {
  49   2             num1=p[c];
  50   2                 P0=table1[num1];
  51   2             dula=1;
  52   2             dula=0;
  53   2             P0=_table[c];
  54   2             wela=1;
  55   2             wela=0;
C51 COMPILER V9.01   1                                                                     05/24/2015 19:40:16 PAGE 2   

  56   2                 P0=0xff;
  57   2             wela=1;
  58   2             wela=0;
  59   2                 for(;c<count+count1;c++)
  60   2                 {
  61   2                      num1=p[c];
  62   2                 P0=table1[num1];
  63   2             dula=1;
  64   2             dula=0;
  65   2             P0=_table[c];
  66   2             wela=1;
  67   2             wela=0;
  68   2                 P0=0xff;
  69   2             wela=1;
  70   2             wela=0;
  71   2                 
  72   2                 } 
  73   2         }
  74   2         else 
  75   2         {
  76   2               num1=p[c];
  77   2                 P0=table[num1];
  78   2             dula=1;
  79   2             dula=0;
  80   2             P0=_table[c];
  81   2             wela=1;
  82   2             wela=0;
  83   2                 P0=0xff;
  84   2             wela=1;
  85   2             wela=0; 
  86   2         
  87   2         } */
  88   2         }
  89   1         P0=0xff;
  90   1         wela=1;
  91   1         wela=0;
  92   1         if(_c=='=')
  93   1         {
  94   2         count=0;
  95   2         shu=0;
  96   2         }       
  97   1      }
  98          
  99          void main()
 100          {       
 101   1              unsigned char c;
 102   1              char _count;
 103   1              //unsigned char chr[10];
 104   1         
 105   1              unsigned char key_1;
 106   1          unsigned char _shuzi[10];
 107   1              unsigned char shuzi[10]; 
 108   1              shu=0;
 109   1              count=0;
 110   1              led_en=0;
 111   1              cs88=1;
 112   1          P0=0xff;
 113   1          cs88=0;     //关点阵管
 114   1              DS1302=0; //关DS1302模块，与本实验无关
 115   1          SD=0;//关SD卡模块，与本实验无关
 116   1        dula=0;
 117   1        wela=0;
C51 COMPILER V9.01   1                                                                     05/24/2015 19:40:16 PAGE 3   

 118   1        while(1)
 119   1        {
 120   2          P3=0xfe;
 121   2          temp=P3;
 122   2          temp=temp&0xf0;
 123   2          if(temp!=0xf0)
 124   2          {
 125   3            delay(10);
 126   3            if(temp!=0xf0)
 127   3            {
 128   4              temp=P3;
 129   4              switch(temp)
 130   4              {
 131   5                case 0xee:
 132   5                     key=1;
 133   5                                 shu=shu*10+key;
 134   5                                 _shuzi[count]=key;
 135   5                                 count++;
 136   5                                 shu_end=0;
 137   5                     break;
 138   5      
 139   5                case 0xde:
 140   5                     key=2;
 141   5                                 shu=shu*10+key;
 142   5                                  _shuzi[count]=2;
 143   5                                      count++;
 144   5                                      shu_end=0;
 145   5                     break;
 146   5      
 147   5                case 0xbe:
 148   5                     key=3;
 149   5                                 shu=shu*10+key;
 150   5                                  _shuzi[count++]=key;
 151   5                                      shu_end=0;
 152   5                     break;
 153   5      
 154   5                case 0x7e:
 155   5                             if(key=='=')
 156   5                                 {
 157   6                                 shu=_shu_end;
 158   6                                 }
 159   5                                 if(key=='+')
 160   5                                 {
 161   6                                 break;
 162   6                                 }
 163   5                     key='+';
 164   5                                 key_1=key;
 165   5                                 shu_a=shu;
 166   5                                 count=0;
 167   5                                 shu=0;
 168   5                     break;
 169   5               }
 170   4               while(temp!=0xf0)
 171   4               {
 172   5                 temp=P3;
 173   5                 temp=temp&0xf0;
 174   5                 beep=0;
 175   5               }
 176   4               beep=1;
 177   4             display(_shuzi,key);
 178   4         //      P1=0xfe;
 179   4            }
C51 COMPILER V9.01   1                                                                     05/24/2015 19:40:16 PAGE 4   

 180   3          }
 181   2              
 182   2          P3=0xfd;
 183   2          temp=P3;
 184   2          temp=temp&0xf0;
 185   2          if(temp!=0xf0)
 186   2          {
 187   3            delay(10);
 188   3            if(temp!=0xf0)
 189   3            {
 190   4              temp=P3;
 191   4              switch(temp)
 192   4              {
 193   5                case 0xed:
 194   5                     key=4;
 195   5                                shu=shu*10+key;
 196   5                                 _shuzi[count++]=key;
 197   5                                 shu_end=0;
 198   5                     break;
 199   5      
 200   5                case 0xdd:
 201   5                     key=5;
 202   5                                 shu=shu*10+key;
 203   5                                  _shuzi[count++]=key;
 204   5                                      shu_end=0;
 205   5                     break;
 206   5      
 207   5                case 0xbd:
 208   5                     key=6;
 209   5                                 shu=shu*10+key;
 210   5                                  _shuzi[count++]=key;
 211   5                                      shu_end=0;
 212   5                     break;
 213   5      
 214   5                case 0x7d:
 215   5                             if(key=='=')
 216   5                                 {
 217   6                                 shu=_shu_end;
 218   6                                 }
 219   5                                 if(key=='-')
 220   5                                 {
 221   6                                 break;
 222   6                                 }
 223   5                     key='-';
 224   5                                 key_1=key;
 225   5                                 shu_a=shu;
 226   5                                 count=0;
 227   5                                 shu=0;
 228   5                     break;
 229   5               }
 230   4               while(temp!=0xf0)
 231   4               {
 232   5                 temp=P3;
 233   5                 temp=temp&0xf0;
 234   5                 beep=0;
 235   5               }
 236   4               beep=1;
 237   4                       display(_shuzi,key);
 238   4            }
 239   3            }
 240   2          P3=0xfb;
 241   2          temp=P3;
C51 COMPILER V9.01   1                                                                     05/24/2015 19:40:16 PAGE 5   

 242   2          temp=temp&0xf0;
 243   2          if(temp!=0xf0)
 244   2          {
 245   3            delay(10);
 246   3            if(temp!=0xf0)
 247   3            {
 248   4              temp=P3;
 249   4              switch(temp)
 250   4              {
 251   5                case 0xeb:
 252   5                     key=7;
 253   5                                 shu=shu*10+key;
 254   5                                  _shuzi[count++]=key;
 255   5                                      shu_end=0;
 256   5                     break;
 257   5      
 258   5                case 0xdb:
 259   5                     key=8;
 260   5                                 shu=shu*10+key;
 261   5                                  _shuzi[count++]=key;
 262   5                                      shu_end=0;
 263   5                     break;
 264   5      
 265   5                case 0xbb:
 266   5                     key=9;
 267   5                                 shu=shu*10+key;
 268   5                                  _shuzi[count++]=key;
 269   5                                      shu_end=0;
 270   5                     break;
 271   5      
 272   5                case 0x7b:
 273   5                                 if(key=='=')
 274   5                                 {
 275   6                                 shu=_shu_end;
 276   6                                 }
 277   5                                 if(key=='*')
 278   5                                 {
 279   6                                 break;
 280   6                                 }
 281   5                     key='*';
 282   5                                 key_1=key;
 283   5                                 shu_a=shu;
 284   5                                 count=0;
 285   5                                 shu=0;
 286   5                     break;
 287   5               }
 288   4               while(temp!=0xf0)
 289   4               {
 290   5                 temp=P3;
 291   5                 temp=temp&0xf0;
 292   5                 beep=0;
 293   5               }
 294   4               beep=1;
 295   4                      display(_shuzi,key);
 296   4            }
 297   3            }
 298   2          P3=0xf7;
 299   2          temp=P3;
 300   2          temp=temp&0xf0;
 301   2          if(temp!=0xf0)
 302   2          {
 303   3            delay(10);
C51 COMPILER V9.01   1                                                                     05/24/2015 19:40:16 PAGE 6   

 304   3            if(temp!=0xf0)
 305   3            {
 306   4              temp=P3;
 307   4              switch(temp)
 308   4              {
 309   5                case 0xe7:
 310   5                     key=0;
 311   5                                 shu=shu*10+key;
 312   5                                  _shuzi[count++]=key;
 313   5                                      shu_end=0;
 314   5                     break;
 315   5      
 316   5                case 0xd7:
 317   5                  //   shu=shu*10+key;
 318   5                     break;
 319   5                        case 0x77:
 320   5                             if(key=='=')
 321   5                                 {
 322   6                                 shu=_shu_end;
 323   6                                 }
 324   5                                 if(key=='/')
 325   5                                 {
 326   6                                 break;
 327   6                                 }
 328   5                                 key='/';
 329   5                     key_1=key;
 330   5                                 shu_a=shu;
 331   5                                 count=0;
 332   5                                 shu=0;
 333   5                     break;
 334   5                case 0xb7:
 335   5                             if(count == 0)
 336   5                                 {
 337   6                                      shu_end=_shu_end;
 338   6                                      goto A;
 339   6                                 }
 340   5                                 key='=';
 341   5                                 switch(key_1)
 342   5                                 {
 343   6                                 case '+': shu_end=shu+shu_a;break;
 344   6                                 case '-': shu_end=shu_a-shu;break;
 345   6                                 case '*': shu_end=shu*shu_a;break;
 346   6                                 case '/': shu_end=shu_a/shu;break;
 347   6                                 default : shu_end=shu;
 348   6                                 
 349   6                                 }
 350   5                                 _shu_end=shu_end;
 351   5              A:                 count = 0;
 352   5                         count1=0;
 353   5                         A1=(int)shu_end;
 354   5                                while(A1)
 355   5                    {  shuzi[count++]=A1%10;
 356   6                       A1/=10;
 357   6                    }
 358   5                                shu_point=(_shu_end-(int)_shu_end)*1000;
 359   5                                A2=(int)shu_point;
 360   5                                while(A2)
 361   5                    {  shuzi[count1++]=A2%10;
 362   6                      A2/=10;
 363   6                    }
 364   5                                _count=count-1;
 365   5                    for(c=0;_count>-1;_count--)
C51 COMPILER V9.01   1                                                                     05/24/2015 19:40:16 PAGE 7   

 366   5                                {
 367   6                                _shuzi[c++]=shuzi[_count];
 368   6                                
 369   6                                }
 370   5                      //        display(_shuzi);
 371   5                      //        count=0;
 372   5                      //        shu=0; 
 373   5                    break;
 374   5      
 375   5                
 376   5               }
 377   4               while(temp!=0xf0)
 378   4               {
 379   5                 temp=P3;
 380   5                 temp=temp&0xf0;
 381   5                 beep=0;
 382   5               }
 383   4               beep=1;
 384   4              display(_shuzi,key);
 385   4            }
 386   3          }
 387   2        }       
 388   1      }


MODULE INFORMATION:   STATIC OVERLAYABLE
   CODE SIZE        =   1499    ----
   CONSTANT SIZE    =     28    ----
   XDATA SIZE       =   ----    ----
   PDATA SIZE       =   ----    ----
   DATA SIZE        =     31      24
   IDATA SIZE       =   ----    ----
   BIT SIZE         =   ----    ----
END OF MODULE INFORMATION.


C51 COMPILATION COMPLETE.  0 WARNING(S),  0 ERROR(S)
